CRITICAL - 2021-12-20 06:28:02 --> Invalid file: konten.php
#0 /home/mafia/Downloads/Compressed/oop-tugas1/system/View/View.php(198): CodeIgniter\Exceptions\FrameworkException::forInvalidFile('konten.php')
#1 /home/mafia/Downloads/Compressed/oop-tugas1/app/Views/index.php(1): CodeIgniter\View\View->render('konten')
#2 /home/mafia/Downloads/Compressed/oop-tugas1/system/View/View.php(214): include('/home/mafia/Dow...')
#3 /home/mafia/Downloads/Compressed/oop-tugas1/system/View/View.php(217): CodeIgniter\View\View->CodeIgniter\View\{closure}()
#4 /home/mafia/Downloads/Compressed/oop-tugas1/system/Common.php(1097): CodeIgniter\View\View->render('index', Array, true)
#5 /home/mafia/Downloads/Compressed/oop-tugas1/app/Controllers/Home.php(10): view('index')
#6 /home/mafia/Downloads/Compressed/oop-tugas1/system/CodeIgniter.php(824): App\Controllers\Home->index()
#7 /home/mafia/Downloads/Compressed/oop-tugas1/system/CodeIgniter.php(410): CodeIgniter\CodeIgniter->runController(Object(App\Controllers\Home))
#8 /home/mafia/Downloads/Compressed/oop-tugas1/system/CodeIgniter.php(318): CodeIgniter\CodeIgniter->handleRequest(NULL, Object(Config\Cache), false)
#9 /home/mafia/Downloads/Compressed/oop-tugas1/public/index.php(37): CodeIgniter\CodeIgniter->run()
#10 /home/mafia/Downloads/Compressed/oop-tugas1/system/Commands/Server/rewrite.php(43): require_once('/home/mafia/Dow...')
#11 {main}
CRITICAL - 2021-12-20 06:28:38 --> Invalid file: konten.php
#0 /home/mafia/Downloads/Compressed/oop-tugas1/system/View/View.php(198): CodeIgniter\Exceptions\FrameworkException::forInvalidFile('konten.php')
#1 /home/mafia/Downloads/Compressed/oop-tugas1/app/Views/index.php(1): CodeIgniter\View\View->render('konten')
#2 /home/mafia/Downloads/Compressed/oop-tugas1/system/View/View.php(214): include('/home/mafia/Dow...')
#3 /home/mafia/Downloads/Compressed/oop-tugas1/system/View/View.php(217): CodeIgniter\View\View->CodeIgniter\View\{closure}()
#4 /home/mafia/Downloads/Compressed/oop-tugas1/system/Common.php(1097): CodeIgniter\View\View->render('index', Array, true)
#5 /home/mafia/Downloads/Compressed/oop-tugas1/app/Controllers/Home.php(10): view('index')
#6 /home/mafia/Downloads/Compressed/oop-tugas1/system/CodeIgniter.php(824): App\Controllers\Home->index()
#7 /home/mafia/Downloads/Compressed/oop-tugas1/system/CodeIgniter.php(410): CodeIgniter\CodeIgniter->runController(Object(App\Controllers\Home))
#8 /home/mafia/Downloads/Compressed/oop-tugas1/system/CodeIgniter.php(318): CodeIgniter\CodeIgniter->handleRequest(NULL, Object(Config\Cache), false)
#9 /home/mafia/Downloads/Compressed/oop-tugas1/public/index.php(37): CodeIgniter\CodeIgniter->run()
#10 /home/mafia/Downloads/Compressed/oop-tugas1/system/Commands/Server/rewrite.php(43): require_once('/home/mafia/Dow...')
#11 {main}
CRITICAL - 2021-12-20 19:19:27 --> Invalid file: OOP3_Inheritance_2.php
#0 /home/mafia/Downloads/Compressed/oop-tugas1/system/View/View.php(198): CodeIgniter\Exceptions\FrameworkException::forInvalidFile('OOP3_Inheritanc...')
#1 /home/mafia/Downloads/Compressed/oop-tugas1/system/Common.php(1097): CodeIgniter\View\View->render('OOP3_Inheritanc...', Array, true)
#2 /home/mafia/Downloads/Compressed/oop-tugas1/app/Controllers/Home.php(27): view('OOP3_Inheritanc...')
#3 /home/mafia/Downloads/Compressed/oop-tugas1/system/CodeIgniter.php(824): App\Controllers\Home->oop32()
#4 /home/mafia/Downloads/Compressed/oop-tugas1/system/CodeIgniter.php(410): CodeIgniter\CodeIgniter->runController(Object(App\Controllers\Home))
#5 /home/mafia/Downloads/Compressed/oop-tugas1/system/CodeIgniter.php(318): CodeIgniter\CodeIgniter->handleRequest(NULL, Object(Config\Cache), false)
#6 /home/mafia/Downloads/Compressed/oop-tugas1/public/index.php(37): CodeIgniter\CodeIgniter->run()
#7 /home/mafia/Downloads/Compressed/oop-tugas1/system/Commands/Server/rewrite.php(43): require_once('/home/mafia/Dow...')
#8 {main}
CRITICAL - 2021-12-20 19:21:30 --> require_once(models/Buku.php): Failed to open stream: No such file or directory
#0 /home/mafia/Downloads/Compressed/oop-tugas1/app/Views/OOP3_Inheritance_2.php(7): CodeIgniter\Debug\Exceptions->errorHandler(2, 'require_once(mo...', '/home/mafia/Dow...', 7)
#1 /home/mafia/Downloads/Compressed/oop-tugas1/app/Views/OOP3_Inheritance_2.php(7): require_once()
#2 /home/mafia/Downloads/Compressed/oop-tugas1/system/View/View.php(214): include('/home/mafia/Dow...')
#3 /home/mafia/Downloads/Compressed/oop-tugas1/system/View/View.php(217): CodeIgniter\View\View->CodeIgniter\View\{closure}()
#4 /home/mafia/Downloads/Compressed/oop-tugas1/system/Common.php(1097): CodeIgniter\View\View->render('OOP3_Inheritanc...', Array, true)
#5 /home/mafia/Downloads/Compressed/oop-tugas1/app/Controllers/Home.php(27): view('OOP3_Inheritanc...')
#6 /home/mafia/Downloads/Compressed/oop-tugas1/system/CodeIgniter.php(824): App\Controllers\Home->oop32()
#7 /home/mafia/Downloads/Compressed/oop-tugas1/system/CodeIgniter.php(410): CodeIgniter\CodeIgniter->runController(Object(App\Controllers\Home))
#8 /home/mafia/Downloads/Compressed/oop-tugas1/system/CodeIgniter.php(318): CodeIgniter\CodeIgniter->handleRequest(NULL, Object(Config\Cache), false)
#9 /home/mafia/Downloads/Compressed/oop-tugas1/public/index.php(37): CodeIgniter\CodeIgniter->run()
#10 /home/mafia/Downloads/Compressed/oop-tugas1/system/Commands/Server/rewrite.php(43): require_once('/home/mafia/Dow...')
#11 {main}
CRITICAL - 2021-12-20 19:21:31 --> require_once(models/Buku.php): Failed to open stream: No such file or directory
#0 /home/mafia/Downloads/Compressed/oop-tugas1/app/Views/OOP3_Inheritance_2.php(7): CodeIgniter\Debug\Exceptions->errorHandler(2, 'require_once(mo...', '/home/mafia/Dow...', 7)
#1 /home/mafia/Downloads/Compressed/oop-tugas1/app/Views/OOP3_Inheritance_2.php(7): require_once()
#2 /home/mafia/Downloads/Compressed/oop-tugas1/system/View/View.php(214): include('/home/mafia/Dow...')
#3 /home/mafia/Downloads/Compressed/oop-tugas1/system/View/View.php(217): CodeIgniter\View\View->CodeIgniter\View\{closure}()
#4 /home/mafia/Downloads/Compressed/oop-tugas1/system/Common.php(1097): CodeIgniter\View\View->render('OOP3_Inheritanc...', Array, true)
#5 /home/mafia/Downloads/Compressed/oop-tugas1/app/Controllers/Home.php(27): view('OOP3_Inheritanc...')
#6 /home/mafia/Downloads/Compressed/oop-tugas1/system/CodeIgniter.php(824): App\Controllers\Home->oop32()
#7 /home/mafia/Downloads/Compressed/oop-tugas1/system/CodeIgniter.php(410): CodeIgniter\CodeIgniter->runController(Object(App\Controllers\Home))
#8 /home/mafia/Downloads/Compressed/oop-tugas1/system/CodeIgniter.php(318): CodeIgniter\CodeIgniter->handleRequest(NULL, Object(Config\Cache), false)
#9 /home/mafia/Downloads/Compressed/oop-tugas1/public/index.php(37): CodeIgniter\CodeIgniter->run()
#10 /home/mafia/Downloads/Compressed/oop-tugas1/system/Commands/Server/rewrite.php(43): require_once('/home/mafia/Dow...')
#11 {main}
CRITICAL - 2021-12-20 19:21:32 --> require_once(models/Buku.php): Failed to open stream: No such file or directory
#0 /home/mafia/Downloads/Compressed/oop-tugas1/app/Views/OOP3_Inheritance_2.php(7): CodeIgniter\Debug\Exceptions->errorHandler(2, 'require_once(mo...', '/home/mafia/Dow...', 7)
#1 /home/mafia/Downloads/Compressed/oop-tugas1/app/Views/OOP3_Inheritance_2.php(7): require_once()
#2 /home/mafia/Downloads/Compressed/oop-tugas1/system/View/View.php(214): include('/home/mafia/Dow...')
#3 /home/mafia/Downloads/Compressed/oop-tugas1/system/View/View.php(217): CodeIgniter\View\View->CodeIgniter\View\{closure}()
#4 /home/mafia/Downloads/Compressed/oop-tugas1/system/Common.php(1097): CodeIgniter\View\View->render('OOP3_Inheritanc...', Array, true)
#5 /home/mafia/Downloads/Compressed/oop-tugas1/app/Controllers/Home.php(27): view('OOP3_Inheritanc...')
#6 /home/mafia/Downloads/Compressed/oop-tugas1/system/CodeIgniter.php(824): App\Controllers\Home->oop32()
#7 /home/mafia/Downloads/Compressed/oop-tugas1/system/CodeIgniter.php(410): CodeIgniter\CodeIgniter->runController(Object(App\Controllers\Home))
#8 /home/mafia/Downloads/Compressed/oop-tugas1/system/CodeIgniter.php(318): CodeIgniter\CodeIgniter->handleRequest(NULL, Object(Config\Cache), false)
#9 /home/mafia/Downloads/Compressed/oop-tugas1/public/index.php(37): CodeIgniter\CodeIgniter->run()
#10 /home/mafia/Downloads/Compressed/oop-tugas1/system/Commands/Server/rewrite.php(43): require_once('/home/mafia/Dow...')
#11 {main}
CRITICAL - 2021-12-20 19:21:47 --> require_once(models/Buku.php): Failed to open stream: No such file or directory
#0 /home/mafia/Downloads/Compressed/oop-tugas1/app/Views/OOP3_Inheritance_2.php(7): CodeIgniter\Debug\Exceptions->errorHandler(2, 'require_once(mo...', '/home/mafia/Dow...', 7)
#1 /home/mafia/Downloads/Compressed/oop-tugas1/app/Views/OOP3_Inheritance_2.php(7): require_once()
#2 /home/mafia/Downloads/Compressed/oop-tugas1/system/View/View.php(214): include('/home/mafia/Dow...')
#3 /home/mafia/Downloads/Compressed/oop-tugas1/system/View/View.php(217): CodeIgniter\View\View->CodeIgniter\View\{closure}()
#4 /home/mafia/Downloads/Compressed/oop-tugas1/system/Common.php(1097): CodeIgniter\View\View->render('OOP3_Inheritanc...', Array, true)
#5 /home/mafia/Downloads/Compressed/oop-tugas1/app/Controllers/Home.php(27): view('OOP3_Inheritanc...')
#6 /home/mafia/Downloads/Compressed/oop-tugas1/system/CodeIgniter.php(824): App\Controllers\Home->oop32()
#7 /home/mafia/Downloads/Compressed/oop-tugas1/system/CodeIgniter.php(410): CodeIgniter\CodeIgniter->runController(Object(App\Controllers\Home))
#8 /home/mafia/Downloads/Compressed/oop-tugas1/system/CodeIgniter.php(318): CodeIgniter\CodeIgniter->handleRequest(NULL, Object(Config\Cache), false)
#9 /home/mafia/Downloads/Compressed/oop-tugas1/public/index.php(37): CodeIgniter\CodeIgniter->run()
#10 /home/mafia/Downloads/Compressed/oop-tugas1/system/Commands/Server/rewrite.php(43): require_once('/home/mafia/Dow...')
#11 {main}
CRITICAL - 2021-12-20 19:38:48 --> Call to private method Buku::getJudul() from scope CodeIgniter\View\View
#0 /home/mafia/Downloads/Compressed/oop-tugas1/system/View/View.php(214): include()
#1 /home/mafia/Downloads/Compressed/oop-tugas1/system/View/View.php(217): CodeIgniter\View\View->CodeIgniter\View\{closure}()
#2 /home/mafia/Downloads/Compressed/oop-tugas1/system/Common.php(1097): CodeIgniter\View\View->render('OOP7_AccessModi...', Array, true)
#3 /home/mafia/Downloads/Compressed/oop-tugas1/app/Controllers/Home.php(43): view('OOP7_AccessModi...')
#4 /home/mafia/Downloads/Compressed/oop-tugas1/system/CodeIgniter.php(824): App\Controllers\Home->oop7()
#5 /home/mafia/Downloads/Compressed/oop-tugas1/system/CodeIgniter.php(410): CodeIgniter\CodeIgniter->runController(Object(App\Controllers\Home))
#6 /home/mafia/Downloads/Compressed/oop-tugas1/system/CodeIgniter.php(318): CodeIgniter\CodeIgniter->handleRequest(NULL, Object(Config\Cache), false)
#7 /home/mafia/Downloads/Compressed/oop-tugas1/public/index.php(37): CodeIgniter\CodeIgniter->run()
#8 /home/mafia/Downloads/Compressed/oop-tugas1/system/Commands/Server/rewrite.php(43): require_once('/home/mafia/Dow...')
#9 {main}
CRITICAL - 2021-12-20 20:03:54 --> Undefined variable $title
#0 /home/mafia/Downloads/Compressed/oop-tugas1/app/Views/templates/index.php(12): CodeIgniter\Debug\Exceptions->errorHandler(2, 'Undefined varia...', '/home/mafia/Dow...', 12)
#1 /home/mafia/Downloads/Compressed/oop-tugas1/system/View/View.php(214): include('/home/mafia/Dow...')
#2 /home/mafia/Downloads/Compressed/oop-tugas1/system/View/View.php(217): CodeIgniter\View\View->CodeIgniter\View\{closure}()
#3 /home/mafia/Downloads/Compressed/oop-tugas1/system/View/View.php(230): CodeIgniter\View\View->render('templates/index', Array, true)
#4 /home/mafia/Downloads/Compressed/oop-tugas1/system/Common.php(1097): CodeIgniter\View\View->render('OOP1_ClassAndOb...', Array, true)
#5 /home/mafia/Downloads/Compressed/oop-tugas1/app/Controllers/Home.php(18): view('OOP1_ClassAndOb...')
#6 /home/mafia/Downloads/Compressed/oop-tugas1/system/CodeIgniter.php(824): App\Controllers\Home->oop1()
#7 /home/mafia/Downloads/Compressed/oop-tugas1/system/CodeIgniter.php(410): CodeIgniter\CodeIgniter->runController(Object(App\Controllers\Home))
#8 /home/mafia/Downloads/Compressed/oop-tugas1/system/CodeIgniter.php(318): CodeIgniter\CodeIgniter->handleRequest(NULL, Object(Config\Cache), false)
#9 /home/mafia/Downloads/Compressed/oop-tugas1/public/index.php(37): CodeIgniter\CodeIgniter->run()
#10 /home/mafia/Downloads/Compressed/oop-tugas1/system/Commands/Server/rewrite.php(43): require_once('/home/mafia/Dow...')
#11 {main}
CRITICAL - 2021-12-20 20:05:38 --> Undefined variable $title
#0 /home/mafia/Downloads/Compressed/oop-tugas1/app/Views/templates/index.php(12): CodeIgniter\Debug\Exceptions->errorHandler(2, 'Undefined varia...', '/home/mafia/Dow...', 12)
#1 /home/mafia/Downloads/Compressed/oop-tugas1/system/View/View.php(214): include('/home/mafia/Dow...')
#2 /home/mafia/Downloads/Compressed/oop-tugas1/system/View/View.php(217): CodeIgniter\View\View->CodeIgniter\View\{closure}()
#3 /home/mafia/Downloads/Compressed/oop-tugas1/system/View/View.php(230): CodeIgniter\View\View->render('templates/index', Array, true)
#4 /home/mafia/Downloads/Compressed/oop-tugas1/system/Common.php(1097): CodeIgniter\View\View->render('OOP1_ClassAndOb...', Array, true)
#5 /home/mafia/Downloads/Compressed/oop-tugas1/app/Controllers/Home.php(21): view('OOP1_ClassAndOb...')
#6 /home/mafia/Downloads/Compressed/oop-tugas1/system/CodeIgniter.php(824): App\Controllers\Home->oop1()
#7 /home/mafia/Downloads/Compressed/oop-tugas1/system/CodeIgniter.php(410): CodeIgniter\CodeIgniter->runController(Object(App\Controllers\Home))
#8 /home/mafia/Downloads/Compressed/oop-tugas1/system/CodeIgniter.php(318): CodeIgniter\CodeIgniter->handleRequest(NULL, Object(Config\Cache), false)
#9 /home/mafia/Downloads/Compressed/oop-tugas1/public/index.php(37): CodeIgniter\CodeIgniter->run()
#10 /home/mafia/Downloads/Compressed/oop-tugas1/system/Commands/Server/rewrite.php(43): require_once('/home/mafia/Dow...')
#11 {main}
CRITICAL - 2021-12-20 20:05:39 --> Undefined variable $title
#0 /home/mafia/Downloads/Compressed/oop-tugas1/app/Views/templates/index.php(12): CodeIgniter\Debug\Exceptions->errorHandler(2, 'Undefined varia...', '/home/mafia/Dow...', 12)
#1 /home/mafia/Downloads/Compressed/oop-tugas1/system/View/View.php(214): include('/home/mafia/Dow...')
#2 /home/mafia/Downloads/Compressed/oop-tugas1/system/View/View.php(217): CodeIgniter\View\View->CodeIgniter\View\{closure}()
#3 /home/mafia/Downloads/Compressed/oop-tugas1/system/View/View.php(230): CodeIgniter\View\View->render('templates/index', Array, true)
#4 /home/mafia/Downloads/Compressed/oop-tugas1/system/Common.php(1097): CodeIgniter\View\View->render('OOP1_ClassAndOb...', Array, true)
#5 /home/mafia/Downloads/Compressed/oop-tugas1/app/Controllers/Home.php(21): view('OOP1_ClassAndOb...')
#6 /home/mafia/Downloads/Compressed/oop-tugas1/system/CodeIgniter.php(824): App\Controllers\Home->oop1()
#7 /home/mafia/Downloads/Compressed/oop-tugas1/system/CodeIgniter.php(410): CodeIgniter\CodeIgniter->runController(Object(App\Controllers\Home))
#8 /home/mafia/Downloads/Compressed/oop-tugas1/system/CodeIgniter.php(318): CodeIgniter\CodeIgniter->handleRequest(NULL, Object(Config\Cache), false)
#9 /home/mafia/Downloads/Compressed/oop-tugas1/public/index.php(37): CodeIgniter\CodeIgniter->run()
#10 /home/mafia/Downloads/Compressed/oop-tugas1/system/Commands/Server/rewrite.php(43): require_once('/home/mafia/Dow...')
#11 {main}
CRITICAL - 2021-12-20 20:05:40 --> Undefined variable $title
#0 /home/mafia/Downloads/Compressed/oop-tugas1/app/Views/templates/index.php(12): CodeIgniter\Debug\Exceptions->errorHandler(2, 'Undefined varia...', '/home/mafia/Dow...', 12)
#1 /home/mafia/Downloads/Compressed/oop-tugas1/system/View/View.php(214): include('/home/mafia/Dow...')
#2 /home/mafia/Downloads/Compressed/oop-tugas1/system/View/View.php(217): CodeIgniter\View\View->CodeIgniter\View\{closure}()
#3 /home/mafia/Downloads/Compressed/oop-tugas1/system/View/View.php(230): CodeIgniter\View\View->render('templates/index', Array, true)
#4 /home/mafia/Downloads/Compressed/oop-tugas1/system/Common.php(1097): CodeIgniter\View\View->render('OOP1_ClassAndOb...', Array, true)
#5 /home/mafia/Downloads/Compressed/oop-tugas1/app/Controllers/Home.php(21): view('OOP1_ClassAndOb...')
#6 /home/mafia/Downloads/Compressed/oop-tugas1/system/CodeIgniter.php(824): App\Controllers\Home->oop1()
#7 /home/mafia/Downloads/Compressed/oop-tugas1/system/CodeIgniter.php(410): CodeIgniter\CodeIgniter->runController(Object(App\Controllers\Home))
#8 /home/mafia/Downloads/Compressed/oop-tugas1/system/CodeIgniter.php(318): CodeIgniter\CodeIgniter->handleRequest(NULL, Object(Config\Cache), false)
#9 /home/mafia/Downloads/Compressed/oop-tugas1/public/index.php(37): CodeIgniter\CodeIgniter->run()
#10 /home/mafia/Downloads/Compressed/oop-tugas1/system/Commands/Server/rewrite.php(43): require_once('/home/mafia/Dow...')
#11 {main}
CRITICAL - 2021-12-20 20:05:48 --> Undefined variable $title
#0 /home/mafia/Downloads/Compressed/oop-tugas1/app/Views/templates/index.php(12): CodeIgniter\Debug\Exceptions->errorHandler(2, 'Undefined varia...', '/home/mafia/Dow...', 12)
#1 /home/mafia/Downloads/Compressed/oop-tugas1/system/View/View.php(214): include('/home/mafia/Dow...')
#2 /home/mafia/Downloads/Compressed/oop-tugas1/system/View/View.php(217): CodeIgniter\View\View->CodeIgniter\View\{closure}()
#3 /home/mafia/Downloads/Compressed/oop-tugas1/system/View/View.php(230): CodeIgniter\View\View->render('templates/index', Array, true)
#4 /home/mafia/Downloads/Compressed/oop-tugas1/system/Common.php(1097): CodeIgniter\View\View->render('OOP1_ClassAndOb...', Array, true)
#5 /home/mafia/Downloads/Compressed/oop-tugas1/app/Controllers/Home.php(21): view('OOP1_ClassAndOb...')
#6 /home/mafia/Downloads/Compressed/oop-tugas1/system/CodeIgniter.php(824): App\Controllers\Home->oop1()
#7 /home/mafia/Downloads/Compressed/oop-tugas1/system/CodeIgniter.php(410): CodeIgniter\CodeIgniter->runController(Object(App\Controllers\Home))
#8 /home/mafia/Downloads/Compressed/oop-tugas1/system/CodeIgniter.php(318): CodeIgniter\CodeIgniter->handleRequest(NULL, Object(Config\Cache), false)
#9 /home/mafia/Downloads/Compressed/oop-tugas1/public/index.php(37): CodeIgniter\CodeIgniter->run()
#10 /home/mafia/Downloads/Compressed/oop-tugas1/system/Commands/Server/rewrite.php(43): require_once('/home/mafia/Dow...')
#11 {main}
